2016.02.05 22:14:13	1	Начало экспорта БД `pr2`
2016.02.05 22:14:13	1	Экспорт таблицы `acceptance`
2016.02.05 22:14:13	1	Экспорт таблицы `acceptance_file`
2016.02.05 22:14:13	1	Экспорт таблицы `acceptance_file_folder`
2016.02.05 22:14:13	1	Экспорт таблицы `acceptance_notes`
2016.02.05 22:14:13	1	Экспорт таблицы `acceptance_position`
2016.02.05 22:14:13	1	Экспорт таблицы `acceptance_position_pm`
2016.02.05 22:14:13	1	Экспорт таблицы `action_log`
2016.02.05 22:14:22	1	Экспорт таблицы `annul_time_markers`
2016.02.05 22:14:22	1	Экспорт таблицы `banking_details`
2016.02.05 22:14:22	1	Экспорт таблицы `bdds_account`
2016.02.05 22:14:22	1	Экспорт таблицы `bdds_account_value`
2016.02.05 22:14:22	1	Экспорт таблицы `bdr`
2016.02.05 22:14:22	1	Экспорт таблицы `bdr_account`
2016.02.05 22:14:22	1	Экспорт таблицы `bdr_account_version`
2016.02.05 22:14:22	1	Экспорт таблицы `bdr_notes`
2016.02.05 22:14:22	1	Экспорт таблицы `bdr_version`
2016.02.05 22:14:22	1	Экспорт таблицы `bdr_view_field`
2016.02.05 22:14:22	1	Экспорт таблицы `bdr_views`
2016.02.05 22:14:22	1	Экспорт таблицы `bdr_working`
2016.02.05 22:14:22	1	Экспорт таблицы `bill`
2016.02.05 22:14:22	1	Экспорт таблицы `bill_creation_session`
2016.02.05 22:14:22	1	Экспорт таблицы `bill_file`
2016.02.05 22:14:22	1	Экспорт таблицы `bill_file_folder`
2016.02.05 22:14:22	1	Экспорт таблицы `bill_notes`
2016.02.05 22:14:22	1	Экспорт таблицы `bill_position`
2016.02.05 22:14:22	1	Экспорт таблицы `bill_position_pm`
2016.02.05 22:14:22	1	Экспорт таблицы `cache_reports`
2016.02.05 22:14:23	1	Экспорт таблицы `catalog_dimension`
2016.02.05 22:14:23	1	Экспорт таблицы `catalog_group`
2016.02.05 22:14:23	1	Экспорт таблицы `catalog_group_direction`
2016.02.05 22:14:23	1	Экспорт таблицы `catalog_position`
2016.02.05 22:14:23	1	Экспорт таблицы `catalog_position_file`
2016.02.05 22:14:23	1	Экспорт таблицы `catalog_position_file_folder`
2016.02.05 22:14:23	1	Экспорт таблицы `catalog_position_in_group`
2016.02.05 22:14:23	1	Экспорт таблицы `catalog_view`
2016.02.05 22:14:23	1	Экспорт таблицы `catalog_view_field`
2016.02.05 22:14:23	1	Экспорт таблицы `contract_file`
2016.02.05 22:14:23	1	Экспорт таблицы `contract_file_folder`
2016.02.05 22:14:23	1	Экспорт таблицы `currency_rates`
2016.02.05 22:14:23	1	Экспорт таблицы `currency_syncs`
2016.02.05 22:14:23	1	Экспорт таблицы `delivery`
2016.02.05 22:14:23	1	Экспорт таблицы `delivery_link`
2016.02.05 22:14:23	1	Экспорт таблицы `delivery_link_hits`
2016.02.05 22:14:23	1	Экспорт таблицы `delivery_list`
2016.02.05 22:14:23	1	Экспорт таблицы `delivery_segment`
2016.02.05 22:14:23	1	Экспорт таблицы `delivery_status`
2016.02.05 22:14:23	1	Экспорт таблицы `delivery_subscriber`
2016.02.05 22:14:23	1	Экспорт таблицы `delivery_subscriber_hits`
2016.02.05 22:14:23	1	Экспорт таблицы `delivery_template`
2016.02.05 22:14:23	1	Экспорт таблицы `delivery_user`
2016.02.05 22:14:23	1	Экспорт таблицы `delivery_user_segment`
2016.02.05 22:14:23	1	Экспорт таблицы `doc_in`
2016.02.05 22:14:23	1	Экспорт таблицы `doc_in_file`
2016.02.05 22:14:23	1	Экспорт таблицы `doc_in_file_folder`
2016.02.05 22:14:23	1	Экспорт таблицы `doc_in_history`
2016.02.05 22:14:23	1	Экспорт таблицы `doc_in_history_file`
2016.02.05 22:14:23	1	Экспорт таблицы `doc_in_history_view`
2016.02.05 22:14:23	1	Экспорт таблицы `doc_in_kind`
2016.02.05 22:14:23	1	Экспорт таблицы `doc_in_leads`
2016.02.05 22:14:23	1	Экспорт таблицы `doc_in_suppliers`
2016.02.05 22:14:23	1	Экспорт таблицы `doc_in_suppliers_contacts`
2016.02.05 22:14:23	1	Экспорт таблицы `doc_in_view_field1`
2016.02.05 22:14:23	1	Экспорт таблицы `doc_in_view_field2`
2016.02.05 22:14:23	1	Экспорт таблицы `doc_in_views1`
2016.02.05 22:14:23	1	Экспорт таблицы `doc_in_views2`
2016.02.05 22:14:23	1	Экспорт таблицы `doc_out`
2016.02.05 22:14:23	1	Экспорт таблицы `doc_out_file`
2016.02.05 22:14:23	1	Экспорт таблицы `doc_out_file_folder`
2016.02.05 22:14:23	1	Экспорт таблицы `doc_out_history`
2016.02.05 22:14:23	1	Экспорт таблицы `doc_out_history_file`
2016.02.05 22:14:23	1	Экспорт таблицы `doc_out_history_view`
2016.02.05 22:14:23	1	Экспорт таблицы `doc_out_kind`
2016.02.05 22:14:23	1	Экспорт таблицы `doc_out_leads`
2016.02.05 22:14:23	1	Экспорт таблицы `doc_out_sign`
2016.02.05 22:14:23	1	Экспорт таблицы `doc_out_sign_kind`
2016.02.05 22:14:23	1	Экспорт таблицы `doc_out_suppliers`
2016.02.05 22:14:23	1	Экспорт таблицы `doc_out_suppliers_contacts`
2016.02.05 22:14:23	1	Экспорт таблицы `doc_out_view_field1`
2016.02.05 22:14:23	1	Экспорт таблицы `doc_out_view_field2`
2016.02.05 22:14:23	1	Экспорт таблицы `doc_out_view_field3`
2016.02.05 22:14:23	1	Экспорт таблицы `doc_out_views1`
2016.02.05 22:14:23	1	Экспорт таблицы `doc_out_views2`
2016.02.05 22:14:23	1	Экспорт таблицы `doc_out_views3`
2016.02.05 22:14:23	1	Экспорт таблицы `doc_vn`
2016.02.05 22:14:23	1	Экспорт таблицы `doc_vn_expenses`
2016.02.05 22:14:23	1	Экспорт таблицы `doc_vn_expenses_kinds`
2016.02.05 22:14:23	1	Экспорт таблицы `doc_vn_file`
2016.02.05 22:14:23	1	Экспорт таблицы `doc_vn_file_folder`
2016.02.05 22:14:23	1	Экспорт таблицы `doc_vn_history`
2016.02.05 22:14:23	1	Экспорт таблицы `doc_vn_history_file`
2016.02.05 22:14:23	1	Экспорт таблицы `doc_vn_history_view`
2016.02.05 22:14:23	1	Экспорт таблицы `doc_vn_kind`
2016.02.05 22:14:23	1	Экспорт таблицы `doc_vn_leads`
2016.02.05 22:14:23	1	Экспорт таблицы `doc_vn_sut`
2016.02.05 22:14:23	1	Экспорт таблицы `doc_vn_view_field1`
2016.02.05 22:14:23	1	Экспорт таблицы `doc_vn_view_field2`
2016.02.05 22:14:23	1	Экспорт таблицы `doc_vn_views1`
2016.02.05 22:14:23	1	Экспорт таблицы `doc_vn_views2`
2016.02.05 22:14:23	1	Экспорт таблицы `doc_vn_vyh_date`
2016.02.05 22:14:23	1	Экспорт таблицы `doc_vn_vyh_reason`
2016.02.05 22:14:23	1	Экспорт таблицы `document_status`
2016.02.05 22:14:23	1	Экспорт таблицы `dogpr_view`
2016.02.05 22:14:23	1	Экспорт таблицы `dogpr_view_field`
2016.02.05 22:14:23	1	Экспорт таблицы `email_files`
2016.02.05 22:14:23	1	Экспорт таблицы `eq_time_markers`
2016.02.05 22:14:23	1	Экспорт таблицы `fact_address`
2016.02.05 22:14:23	1	Экспорт таблицы `fact_address_form`
2016.02.05 22:14:23	1	Экспорт таблицы `file`
2016.02.05 22:14:23	1	Экспорт таблицы `file_folder`
2016.02.05 22:14:23	1	Экспорт таблицы `folder`
2016.02.05 22:14:23	1	Экспорт таблицы `group_rights_template`
2016.02.05 22:14:23	1	Экспорт таблицы `groups`
2016.02.05 22:14:23	1	Экспорт таблицы `gydex_menu`
2016.02.05 22:14:23	1	Экспорт таблицы `help_menu`
2016.02.05 22:14:23	1	Экспорт таблицы `holyday_markers`
2016.02.05 22:14:23	1	Экспорт таблицы `inactual_time_markers`
2016.02.05 22:14:23	1	Экспорт таблицы `interstore`
2016.02.05 22:14:23	1	Экспорт таблицы `interstore_file`
2016.02.05 22:14:23	1	Экспорт таблицы `interstore_file_folder`
2016.02.05 22:14:23	1	Экспорт таблицы `interstore_notes`
2016.02.05 22:14:23	1	Экспорт таблицы `interstore_position`
2016.02.05 22:14:23	1	Экспорт таблицы `interstore_storage_to_object`
2016.02.05 22:14:23	1	Экспорт таблицы `interstore_time_markers`
2016.02.05 22:14:23	1	Экспорт таблицы `interstore_to_komplekt`
2016.02.05 22:14:23	1	Экспорт таблицы `interstore_wf`
2016.02.05 22:14:23	1	Экспорт таблицы `interstore_wf_position`
2016.02.05 22:14:23	1	Экспорт таблицы `invcalc`
2016.02.05 22:14:23	1	Экспорт таблицы `invcalc_creation_session`
2016.02.05 22:14:23	1	Экспорт таблицы `invcalc_debts`
2016.02.05 22:14:23	1	Экспорт таблицы `invcalc_file`
2016.02.05 22:14:23	1	Экспорт таблицы `invcalc_file_folder`
2016.02.05 22:14:23	1	Экспорт таблицы `invcalc_notes`
2016.02.05 22:14:23	1	Экспорт таблицы `invcalc_reasons`
2016.02.05 22:14:23	1	Экспорт таблицы `inventory`
2016.02.05 22:14:23	1	Экспорт таблицы `inventory_creation_session`
2016.02.05 22:14:23	1	Экспорт таблицы `inventory_file`
2016.02.05 22:14:23	1	Экспорт таблицы `inventory_file_folder`
2016.02.05 22:14:23	1	Экспорт таблицы `inventory_notes`
2016.02.05 22:14:23	1	Экспорт таблицы `inventory_position`
2016.02.05 22:14:23	1	Экспорт таблицы `kp`
2016.02.05 22:14:23	1	Экспорт таблицы `kp_creation_session`
2016.02.05 22:14:23	1	Экспорт таблицы `kp_file`
2016.02.05 22:14:23	1	Экспорт таблицы `kp_file_folder`
2016.02.05 22:14:23	1	Экспорт таблицы `kp_in`
2016.02.05 22:14:23	1	Экспорт таблицы `kp_in_file`
2016.02.05 22:14:23	1	Экспорт таблицы `kp_in_file_folder`
2016.02.05 22:14:23	1	Экспорт таблицы `kp_in_marker`
2016.02.05 22:14:23	1	Экспорт таблицы `kp_in_notes`
2016.02.05 22:14:23	1	Экспорт таблицы `kp_in_out_view_field`
2016.02.05 22:14:23	1	Экспорт таблицы `kp_in_out_views`
2016.02.05 22:14:23	1	Экспорт таблицы `kp_in_out_working`
2016.02.05 22:14:23	1	Экспорт таблицы `kp_in_suppliers`
2016.02.05 22:14:23	1	Экспорт таблицы `kp_in_suppliers_contacts`
2016.02.05 22:14:23	1	Экспорт таблицы `kp_in_view_field`
2016.02.05 22:14:23	1	Экспорт таблицы `kp_in_views`
2016.02.05 22:14:23	1	Экспорт таблицы `kp_in_working`
2016.02.05 22:14:23	1	Экспорт таблицы `kp_notes`
2016.02.05 22:14:23	1	Экспорт таблицы `kp_paymode`
2016.02.05 22:14:23	1	Экспорт таблицы `kp_position`
2016.02.05 22:14:24	1	Экспорт таблицы `kp_position_pm`
2016.02.05 22:14:24	1	Экспорт таблицы `kp_rights`
2016.02.05 22:14:24	1	Экспорт таблицы `kp_supply`
2016.02.05 22:14:24	1	Экспорт таблицы `kp_supply_pdate_mode`
2016.02.05 22:14:24	1	Экспорт таблицы `kp_view`
2016.02.05 22:14:24	1	Экспорт таблицы `kp_view_field`
2016.02.05 22:14:24	1	Экспорт таблицы `kp_warranty`
2016.02.05 22:14:24	1	Экспорт таблицы `lead`
2016.02.05 22:14:24	1	Экспорт таблицы `lead_counts`
2016.02.05 22:14:24	1	Экспорт таблицы `lead_fail`
2016.02.05 22:14:24	1	Экспорт таблицы `lead_file`
2016.02.05 22:14:24	1	Экспорт таблицы `lead_file_folder`
2016.02.05 22:14:24	1	Экспорт таблицы `lead_history`
2016.02.05 22:14:24	1	Экспорт таблицы `lead_history_file`
2016.02.05 22:14:24	1	Экспорт таблицы `lead_history_view`
2016.02.05 22:14:24	1	Экспорт таблицы `lead_kind`
2016.02.05 22:14:24	1	Экспорт таблицы `lead_marker`
2016.02.05 22:14:24	1	Экспорт таблицы `lead_suppliers`
2016.02.05 22:14:24	1	Экспорт таблицы `lead_suppliers_contacts`
2016.02.05 22:14:24	1	Экспорт таблицы `lead_view`
2016.02.05 22:14:24	1	Экспорт таблицы `lead_view_field`
2016.02.05 22:14:24	1	Экспорт таблицы `lead_views`
2016.02.05 22:14:24	1	Экспорт таблицы `lead_working`
2016.02.05 22:14:24	1	Экспорт таблицы `left_menu`
2016.02.05 22:14:24	1	Экспорт таблицы `left_menu_new`
2016.02.05 22:14:24	1	Экспорт таблицы `left_menu_new_objects`
2016.02.05 22:14:24	1	Экспорт таблицы `login_creation_session`
2016.02.05 22:14:24	1	Экспорт таблицы `memo`
2016.02.05 22:14:24	1	Экспорт таблицы `memo_creation_session`
2016.02.05 22:14:24	1	Экспорт таблицы `memo_file`
2016.02.05 22:14:24	1	Экспорт таблицы `memo_file_folder`
2016.02.05 22:14:24	1	Экспорт таблицы `memo_history`
2016.02.05 22:14:24	1	Экспорт таблицы `memo_kind`
2016.02.05 22:14:24	1	Экспорт таблицы `memo_notes`
2016.02.05 22:14:24	1	Экспорт таблицы `memo_status`
2016.02.05 22:14:24	1	Экспорт таблицы `memo_user`
2016.02.05 22:14:24	1	Экспорт таблицы `memo_view_field`
2016.02.05 22:14:24	1	Экспорт таблицы `memo_views`
2016.02.05 22:14:24	1	Экспорт таблицы `message`
2016.02.05 22:14:26	1	Экспорт таблицы `message_del_markers`
2016.02.05 22:14:26	1	Экспорт таблицы `message_file`
2016.02.05 22:14:26	1	Экспорт таблицы `message_in_folder`
2016.02.05 22:14:26	1	Экспорт таблицы `message_view`
2016.02.05 22:14:26	1	Экспорт таблицы `message_view_field`
2016.02.05 22:14:26	1	Экспорт таблицы `messenger_message`
2016.02.05 22:14:26	1	Экспорт таблицы `mission`
2016.02.05 22:14:26	1	Экспорт таблицы `mission_expenses`
2016.02.05 22:14:26	1	Экспорт таблицы `mission_expenses_name`
2016.02.05 22:14:26	1	Экспорт таблицы `mission_file`
2016.02.05 22:14:26	1	Экспорт таблицы `mission_history`
2016.02.05 22:14:26	1	Экспорт таблицы `mission_status`
2016.02.05 22:14:26	1	Экспорт таблицы `news_item`
